-------------------------------------------------------------------------------
Test set: com.in28minutes.rest.webservices.restfulwebservices.RestfulwebservicesApplicationTests
-------------------------------------------------------------------------------
Tests run: 1, Failures: 0, Errors: 1, Skipped: 0, Time elapsed: 4.578 s <<< FAILURE! - in com.in28minutes.rest.webservices.restfulwebservices.RestfulwebservicesApplicationTests
contextLoads  Time elapsed: 0.001 s  <<< ERROR!
java.lang.IllegalStateException: Failed to load ApplicationContext
Caused by: java.lang.IllegalStateException: Error processing condition on org.springframework.boot.autoconfigure.context.PropertyPlaceholderAutoConfiguration.propertySourcesPlaceholderConfigurer
Caused by: java.lang.IllegalStateException: Failed to introspect Class [org.springframework.security.config.annotation.web.configuration.WebSecurityConfiguration] from ClassLoader [jdk.internal.loader.ClassLoaders$AppClassLoader@30946e09]
Caused by: java.lang.NoClassDefFoundError: org/springframework/security/web/access/WebInvocationPrivilegeEvaluator
Caused by: java.lang.ClassNotFoundException: org.springframework.security.web.access.WebInvocationPrivilegeEvaluator

